2024-03-02 04:53:43.769 [info] Reading sessions from keychain...
2024-03-02 04:53:43.769 [info] Getting sessions for all scopes...
2024-03-02 04:53:43.769 [info] Getting sessions for user:email...
2024-03-02 04:53:43.770 [info] Got stored sessions!
2024-03-02 04:53:43.770 [info] Got 6 verified sessions.
2024-03-02 04:53:43.770 [info] Got 6 sessions for ...
2024-03-02 04:53:43.770 [info] Got 1 sessions for user:email...
2024-03-02 04:53:43.778 [info] Getting sessions for all scopes...
2024-03-02 04:53:43.778 [info] Got 6 sessions for ...
2024-03-02 04:53:43.857 [info] Getting sessions for codespace,read:user,repo,user:email...
2024-03-02 04:53:43.858 [info] Got 1 sessions for codespace,read:user,repo,user:email...
2024-03-02 04:53:43.860 [info] Getting sessions for all scopes...
2024-03-02 04:53:43.860 [info] Got 6 sessions for ...
2024-03-02 04:53:45.424 [info] Getting sessions for all scopes...
2024-03-02 04:53:45.424 [info] Got 6 sessions for ...
2024-03-02 04:53:45.634 [info] Getting sessions for all scopes...
2024-03-02 04:53:45.635 [info] Got 6 sessions for ...
2024-03-02 04:53:46.318 [info] Getting sessions for all scopes...
2024-03-02 04:53:46.318 [info] Got 6 sessions for ...
2024-03-02 04:53:46.505 [info] Getting sessions for all scopes...
2024-03-02 04:53:46.505 [info] Got 6 sessions for ...
2024-03-02 04:53:46.826 [info] Getting sessions for all scopes...
2024-03-02 04:53:46.826 [info] Got 6 sessions for ...
2024-03-02 04:53:47.101 [info] Getting sessions for read:user,repo,user:email,workflow...
2024-03-02 04:53:47.102 [info] Got 1 sessions for read:user,repo,user:email,workflow...
2024-03-02 04:53:48.014 [info] Getting sessions for user:email...
2024-03-02 04:53:48.014 [info] Getting sessions for project,read:org,read:user,repo,user:email,workflow...
2024-03-02 04:53:48.015 [info] Got 1 sessions for user:email...
2024-03-02 04:53:48.015 [info] Got 0 sessions for project,read:org,read:user,repo,user:email,workflow...
2024-03-02 04:53:49.544 [info] Getting sessions for read:user,repo,user:email,workflow...
2024-03-02 04:53:49.544 [info] Got 1 sessions for read:user,repo,user:email,workflow...
2024-03-02 04:53:51.665 [info] Getting sessions for read:user,repo,user:email,workflow...
2024-03-02 04:53:51.665 [info] Got 1 sessions for read:user,repo,user:email,workflow...
