2024-03-02 04:28:24.125 [info] Reading sessions from keychain...
2024-03-02 04:28:24.125 [info] Getting sessions for all scopes...
2024-03-02 04:28:24.125 [info] Getting sessions for user:email...
2024-03-02 04:28:24.126 [info] Getting sessions for all scopes...
2024-03-02 04:28:24.126 [info] Got stored sessions!
2024-03-02 04:28:24.126 [info] Got 6 verified sessions.
2024-03-02 04:28:24.126 [info] Got 6 sessions for ...
2024-03-02 04:28:24.127 [info] Got 1 sessions for user:email...
2024-03-02 04:28:24.127 [info] Got 6 sessions for ...
2024-03-02 04:28:24.127 [info] Getting sessions for all scopes...
2024-03-02 04:28:24.127 [info] Got 6 sessions for ...
2024-03-02 04:28:24.128 [info] Getting sessions for codespace,read:user,repo,user:email...
2024-03-02 04:28:24.128 [info] Getting sessions for all scopes...
2024-03-02 04:28:24.128 [info] Got 1 sessions for codespace,read:user,repo,user:email...
2024-03-02 04:28:24.129 [info] Got 6 sessions for ...
2024-03-02 04:28:24.129 [info] Getting sessions for all scopes...
2024-03-02 04:28:24.129 [info] Got 6 sessions for ...
2024-03-02 04:28:24.130 [info] Getting sessions for all scopes...
2024-03-02 04:28:24.130 [info] Got 6 sessions for ...
2024-03-02 04:28:24.347 [info] Getting sessions for all scopes...
2024-03-02 04:28:24.347 [info] Got 6 sessions for ...
2024-03-02 04:28:25.015 [info] Getting sessions for all scopes...
2024-03-02 04:28:25.015 [info] Got 6 sessions for ...
2024-03-02 04:28:29.157 [info] Getting sessions for project,read:org,read:user,repo,user:email,workflow...
2024-03-02 04:28:29.158 [info] Got 0 sessions for project,read:org,read:user,repo,user:email,workflow...
2024-03-02 04:28:31.881 [info] Getting sessions for read:user,repo,user:email,workflow...
2024-03-02 04:28:31.881 [info] Got 1 sessions for read:user,repo,user:email,workflow...
2024-03-02 04:28:32.398 [info] Getting sessions for read:user,repo,user:email,workflow...
2024-03-02 04:28:32.398 [info] Got 1 sessions for read:user,repo,user:email,workflow...
2024-03-02 04:28:40.301 [info] Getting sessions for user:email...
2024-03-02 04:28:40.320 [info] Got 1 sessions for user:email...
2024-03-02 04:28:42.825 [info] Getting sessions for read:user,repo,user:email,workflow...
2024-03-02 04:28:42.825 [info] Got 1 sessions for read:user,repo,user:email,workflow...
2024-03-02 04:28:45.884 [info] Getting sessions for read:user,repo,user:email,workflow...
2024-03-02 04:28:45.884 [info] Got 1 sessions for read:user,repo,user:email,workflow...
2024-03-02 04:28:49.045 [info] Getting sessions for read:user,repo,user:email,workflow...
2024-03-02 04:28:49.045 [info] Got 1 sessions for read:user,repo,user:email,workflow...
2024-03-02 04:28:51.179 [info] Getting sessions for read:user,repo,user:email,workflow...
2024-03-02 04:28:51.180 [info] Got 1 sessions for read:user,repo,user:email,workflow...
